# JRE version: OpenJDK Runtime Environment Temurin-21.0.8+9 (21.0.8+9) (build 21.0.8+9-LTS)
# Java VM: OpenJDK 64-Bit Server VM Temurin-21.0.8+9 (21.0.8+9-LTS, mixed mode, sharing, tiered, compressed oops, compressed class ptrs, parallel gc, windows-amd64)
GC Precious Log:
 CardTable entry size: 512
 CPUs: 8 total, 8 available
 Memory: 8068M
 Large Page Support: Disabled
 NUMA Support: Disabled
 Compressed Oops: Enabled (32-bit)
 Alignments: Space 512K, Generation 512K, Heap 2M
 Heap Min Capacity: 100M
 Heap Initial Capacity: 100M
 Heap Max Capacity: 2G
 Pre-touch: Disabled
 Parallel Workers: 8
Heap:
 PSYoungGen      total 10752K, used 985K [0x00000000d5580000, 0x00000000d6380000, 0x0000000100000000)
  eden space 9216K, 10% used [0x00000000d5580000,0x00000000d5681e98,0x00000000d5e80000)
  from space 1536K, 0% used [0x00000000d6000000,0x00000000d6000000,0x00000000d6180000)
  to   space 1536K, 0% used [0x00000000d5e80000,0x00000000d5e80000,0x00000000d6000000)
 ParOldGen       total 156672K, used 129458K [0x0000000080000000, 0x0000000089900000, 0x00000000d5580000)
  object space 156672K, 82% used [0x0000000080000000,0x0000000087e6cb60,0x0000000089900000)
 Metaspace       used 89498K, committed 91264K, reserved 1179648K
  class space    used 8989K, committed 9792K, reserved 1048576K
GC Heap History (20 events):
Event: 1283.623 GC heap before
{Heap before GC invocations=2499 (full 5):
 PSYoungGen      total 10240K, used 8672K [0x00000000d5580000, 0x00000000d6380000, 0x0000000100000000)
  eden space 7680K, 100% used [0x00000000d5580000,0x00000000d5d00000,0x00000000d5d00000)
  from space 2560K, 38% used [0x00000000d5f00000,0x00000000d5ff8000,0x00000000d6180000)
  to   space 1536K, 0% used [0x00000000d6200000,0x00000000d6200000,0x00000000d6380000)
 ParOldGen       total 1310208K, used 1310184K [0x0000000080000000, 0x00000000cff80000, 0x00000000d5580000)
  object space 1310208K, 99% used [0x0000000080000000,0x00000000cff7a3c8,0x00000000cff80000)
 Metaspace       used 89473K, committed 91264K, reserved 1179648K
  class space    used 8989K, committed 9792K, reserved 1048576K
}
Event: 1283.631 GC heap after
{Heap after GC invocations=2499 (full 5):
 PSYoungGen      total 9216K, used 1145K [0x00000000d5580000, 0x00000000d6380000, 0x0000000100000000)
  eden space 7680K, 0% used [0x00000000d5580000,0x00000000d5580000,0x00000000d5d00000)
  from space 1536K, 74% used [0x00000000d6200000,0x00000000d631e430,0x00000000d6380000)
  to   space 1536K, 0% used [0x00000000d6080000,0x00000000d6080000,0x00000000d6200000)
 ParOldGen       total 1311232K, used 1311029K [0x0000000080000000, 0x00000000d0080000, 0x00000000d5580000)
  object space 1311232K, 99% used [0x0000000080000000,0x00000000d004d418,0x00000000d0080000)
 Metaspace       used 89473K, committed 91264K, reserved 1179648K
  class space    used 8989K, committed 9792K, reserved 1048576K
}
Event: 1283.641 GC heap before
{Heap before GC invocations=2500 (full 5):
 PSYoungGen      total 9216K, used 8825K [0x00000000d5580000, 0x00000000d6380000, 0x0000000100000000)
  eden space 7680K, 100% used [0x00000000d5580000,0x00000000d5d00000,0x00000000d5d00000)
  from space 1536K, 74% used [0x00000000d6200000,0x00000000d631e430,0x00000000d6380000)
  to   space 1536K, 0% used [0x00000000d6080000,0x00000000d6080000,0x00000000d6200000)
 ParOldGen       total 1311232K, used 1311029K [0x0000000080000000, 0x00000000d0080000, 0x00000000d5580000)
  object space 1311232K, 99% used [0x0000000080000000,0x00000000d004d418,0x00000000d0080000)
 Metaspace       used 89473K, committed 91264K, reserved 1179648K
  class space    used 8989K, committed 9792K, reserved 1048576K
}
Event: 1283.644 GC heap after
{Heap after GC invocations=2500 (full 5):
 PSYoungGen      total 8704K, used 800K [0x00000000d5580000, 0x00000000d6280000, 0x0000000100000000)
  eden space 7680K, 0% used [0x00000000d5580000,0x00000000d5580000,0x00000000d5d00000)
  from space 1024K, 78% used [0x00000000d6080000,0x00000000d6148000,0x00000000d6180000)
  to   space 1024K, 0% used [0x00000000d6180000,0x00000000d6180000,0x00000000d6280000)
 ParOldGen       total 1312256K, used 1312079K [0x0000000080000000, 0x00000000d0180000, 0x00000000d5580000)
  object space 1312256K, 99% used [0x0000000080000000,0x00000000d0153d50,0x00000000d0180000)
 Metaspace       used 89473K, committed 91264K, reserved 1179648K
  class space    used 8989K, committed 9792K, reserved 1048576K
}
Event: 1283.654 GC heap before
{Heap before GC invocations=2501 (full 5):
 PSYoungGen      total 8704K, used 8480K [0x00000000d5580000, 0x00000000d6280000, 0x0000000100000000)
  eden space 7680K, 100% used [0x00000000d5580000,0x00000000d5d00000,0x00000000d5d00000)
  from space 1024K, 78% used [0x00000000d6080000,0x00000000d6148000,0x00000000d6180000)
  to   space 1024K, 0% used [0x00000000d6180000,0x00000000d6180000,0x00000000d6280000)
 ParOldGen       total 1312256K, used 1312079K [0x0000000080000000, 0x00000000d0180000, 0x00000000d5580000)
  object space 1312256K, 99% used [0x0000000080000000,0x00000000d0153d50,0x00000000d0180000)
 Metaspace       used 89474K, committed 91264K, reserved 1179648K
  class space    used 8989K, committed 9792K, reserved 1048576K
}
Event: 1283.657 GC heap after
{Heap after GC invocations=2501 (full 5):
 PSYoungGen      total 8704K, used 928K [0x00000000d5580000, 0x00000000d6280000, 0x0000000100000000)
  eden space 7680K, 0% used [0x00000000d5580000,0x00000000d5580000,0x00000000d5d00000)
  from space 1024K, 90% used [0x00000000d6180000,0x00000000d6268000,0x00000000d6280000)
  to   space 1024K, 0% used [0x00000000d6080000,0x00000000d6080000,0x00000000d6180000)
 ParOldGen       total 1312768K, used 1312755K [0x0000000080000000, 0x00000000d0200000, 0x00000000d5580000)
  object space 1312768K, 99% used [0x0000000080000000,0x00000000d01fcde0,0x00000000d0200000)
 Metaspace       used 89474K, committed 91264K, reserved 1179648K
  class space    used 8989K, committed 9792K, reserved 1048576K
}
Event: 1283.666 GC heap before
{Heap before GC invocations=2502 (full 5):
 PSYoungGen      total 8704K, used 8608K [0x00000000d5580000, 0x00000000d6280000, 0x0000000100000000)
  eden space 7680K, 100% used [0x00000000d5580000,0x00000000d5d00000,0x00000000d5d00000)
  from space 1024K, 90% used [0x00000000d6180000,0x00000000d6268000,0x00000000d6280000)
  to   space 1024K, 0% used [0x00000000d6080000,0x00000000d6080000,0x00000000d6180000)
 ParOldGen       total 1312768K, used 1312755K [0x0000000080000000, 0x00000000d0200000, 0x00000000d5580000)
  object space 1312768K, 99% used [0x0000000080000000,0x00000000d01fcde0,0x00000000d0200000)
 Metaspace       used 89474K, committed 91264K, reserved 1179648K
  class space    used 8989K, committed 9792K, reserved 1048576K
}
Event: 1283.670 GC heap after
{Heap after GC invocations=2502 (full 5):
 PSYoungGen      total 10240K, used 1012K [0x00000000d5580000, 0x00000000d6380000, 0x0000000100000000)
  eden space 9216K, 0% used [0x00000000d5580000,0x00000000d5580000,0x00000000d5e80000)
  from space 1024K, 98% used [0x00000000d6080000,0x00000000d617d200,0x00000000d6180000)
  to   space 2048K, 0% used [0x00000000d6180000,0x00000000d6180000,0x00000000d6380000)
 ParOldGen       total 1313792K, used 1313680K [0x0000000080000000, 0x00000000d0300000, 0x00000000d5580000)
  object space 1313792K, 99% used [0x0000000080000000,0x00000000d02e4378,0x00000000d0300000)
 Metaspace       used 89474K, committed 91264K, reserved 1179648K
  class space    used 8989K, committed 9792K, reserved 1048576K
}
Event: 1286.583 GC heap before
{Heap before GC invocations=2503 (full 5):
 PSYoungGen      total 10240K, used 10228K [0x00000000d5580000, 0x00000000d6380000, 0x0000000100000000)
  eden space 9216K, 100% used [0x00000000d5580000,0x00000000d5e80000,0x00000000d5e80000)
  from space 1024K, 98% used [0x00000000d6080000,0x00000000d617d200,0x00000000d6180000)
  to   space 2048K, 0% used [0x00000000d6180000,0x00000000d6180000,0x00000000d6380000)
 ParOldGen       total 1313792K, used 1313680K [0x0000000080000000, 0x00000000d0300000, 0x00000000d5580000)
  object space 1313792K, 99% used [0x0000000080000000,0x00000000d02e4378,0x00000000d0300000)
 Metaspace       used 89480K, committed 91264K, reserved 1179648K
  class space    used 8989K, committed 9792K, reserved 1048576K
}
Event: 1286.587 GC heap after
{Heap after GC invocations=2503 (full 5):
 PSYoungGen      total 10240K, used 922K [0x00000000d5580000, 0x00000000d6280000, 0x0000000100000000)
  eden space 9216K, 0% used [0x00000000d5580000,0x00000000d5580000,0x00000000d5e80000)
  from space 1024K, 90% used [0x00000000d6180000,0x00000000d6266900,0x00000000d6280000)
  to   space 1536K, 0% used [0x00000000d5f80000,0x00000000d5f80000,0x00000000d6100000)
 ParOldGen       total 1314816K, used 1314646K [0x0000000080000000, 0x00000000d0400000, 0x00000000d5580000)
  object space 1314816K, 99% used [0x0000000080000000,0x00000000d03d5a40,0x00000000d0400000)
 Metaspace       used 89480K, committed 91264K, reserved 1179648K
  class space    used 8989K, committed 9792K, reserved 1048576K
}
Event: 1286.614 GC heap before
{Heap before GC invocations=2504 (full 5):
 PSYoungGen      total 10240K, used 10138K [0x00000000d5580000, 0x00000000d6280000, 0x0000000100000000)
  eden space 9216K, 100% used [0x00000000d5580000,0x00000000d5e80000,0x00000000d5e80000)
  from space 1024K, 90% used [0x00000000d6180000,0x00000000d6266900,0x00000000d6280000)
  to   space 1536K, 0% used [0x00000000d5f80000,0x00000000d5f80000,0x00000000d6100000)
 ParOldGen       total 1314816K, used 1314646K [0x0000000080000000, 0x00000000d0400000, 0x00000000d5580000)
  object space 1314816K, 99% used [0x0000000080000000,0x00000000d03d5a40,0x00000000d0400000)
 Metaspace       used 89480K, committed 91264K, reserved 1179648K
  class space    used 8989K, committed 9792K, reserved 1048576K
}
Event: 1286.618 GC heap after
{Heap after GC invocations=2504 (full 5):
 PSYoungGen      total 10752K, used 506K [0x00000000d5580000, 0x00000000d6200000, 0x0000000100000000)
  eden space 9216K, 0% used [0x00000000d5580000,0x00000000d5580000,0x00000000d5e80000)
  from space 1536K, 32% used [0x00000000d5f80000,0x00000000d5ffe900,0x00000000d6100000)
  to   space 1024K, 0% used [0x00000000d6100000,0x00000000d6100000,0x00000000d6200000)
 ParOldGen       total 1315328K, used 1315127K [0x0000000080000000, 0x00000000d0480000, 0x00000000d5580000)
  object space 1315328K, 99% used [0x0000000080000000,0x00000000d044dc58,0x00000000d0480000)
 Metaspace       used 89480K, committed 91264K, reserved 1179648K
  class space    used 8989K, committed 9792K, reserved 1048576K
}
Event: 1286.631 GC heap before
{Heap before GC invocations=2505 (full 5):
 PSYoungGen      total 10752K, used 9722K [0x00000000d5580000, 0x00000000d6200000, 0x0000000100000000)
  eden space 9216K, 100% used [0x00000000d5580000,0x00000000d5e80000,0x00000000d5e80000)
  from space 1536K, 32% used [0x00000000d5f80000,0x00000000d5ffe900,0x00000000d6100000)
  to   space 1024K, 0% used [0x00000000d6100000,0x00000000d6100000,0x00000000d6200000)
 ParOldGen       total 1315328K, used 1315127K [0x0000000080000000, 0x00000000d0480000, 0x00000000d5580000)
  object space 1315328K, 99% used [0x0000000080000000,0x00000000d044dc58,0x00000000d0480000)
 Metaspace       used 89482K, committed 91264K, reserved 1179648K
  class space    used 8989K, committed 9792K, reserved 1048576K
}
Event: 1286.635 GC heap after
{Heap after GC invocations=2505 (full 5):
 PSYoungGen      total 9728K, used 218K [0x00000000d5580000, 0x00000000d6180000, 0x0000000100000000)
  eden space 9216K, 0% used [0x00000000d5580000,0x00000000d5580000,0x00000000d5e80000)
  from space 512K, 42% used [0x00000000d6100000,0x00000000d6136900,0x00000000d6180000)
  to   space 512K, 0% used [0x00000000d6080000,0x00000000d6080000,0x00000000d6100000)
 ParOldGen       total 1315328K, used 1315175K [0x0000000080000000, 0x00000000d0480000, 0x00000000d5580000)
  object space 1315328K, 99% used [0x0000000080000000,0x00000000d0459c58,0x00000000d0480000)
 Metaspace       used 89482K, committed 91264K, reserved 1179648K
  class space    used 8989K, committed 9792K, reserved 1048576K
}
Event: 1287.319 GC heap before
{Heap before GC invocations=2506 (full 5):
 PSYoungGen      total 9728K, used 9434K [0x00000000d5580000, 0x00000000d6180000, 0x0000000100000000)
  eden space 9216K, 100% used [0x00000000d5580000,0x00000000d5e80000,0x00000000d5e80000)
  from space 512K, 42% used [0x00000000d6100000,0x00000000d6136900,0x00000000d6180000)
  to   space 512K, 0% used [0x00000000d6080000,0x00000000d6080000,0x00000000d6100000)
 ParOldGen       total 1315328K, used 1315175K [0x0000000080000000, 0x00000000d0480000, 0x00000000d5580000)
  object space 1315328K, 99% used [0x0000000080000000,0x00000000d0459c58,0x00000000d0480000)
 Metaspace       used 89482K, committed 91264K, reserved 1179648K
  class space    used 8989K, committed 9792K, reserved 1048576K
}
Event: 1287.321 GC heap after
{Heap after GC invocations=2506 (full 5):
 PSYoungGen      total 9728K, used 372K [0x00000000d5580000, 0x00000000d6180000, 0x0000000100000000)
  eden space 9216K, 0% used [0x00000000d5580000,0x00000000d5580000,0x00000000d5e80000)
  from space 512K, 72% used [0x00000000d6080000,0x00000000d60dd200,0x00000000d6100000)
  to   space 512K, 0% used [0x00000000d6100000,0x00000000d6100000,0x00000000d6180000)
 ParOldGen       total 1315328K, used 1315191K [0x0000000080000000, 0x00000000d0480000, 0x00000000d5580000)
  object space 1315328K, 99% used [0x0000000080000000,0x00000000d045dc58,0x00000000d0480000)
 Metaspace       used 89482K, committed 91264K, reserved 1179648K
  class space    used 8989K, committed 9792K, reserved 1048576K
}
Event: 1287.337 GC heap before
{Heap before GC invocations=2507 (full 5):
 PSYoungGen      total 9728K, used 9588K [0x00000000d5580000, 0x00000000d6180000, 0x0000000100000000)
  eden space 9216K, 100% used [0x00000000d5580000,0x00000000d5e80000,0x00000000d5e80000)
  from space 512K, 72% used [0x00000000d6080000,0x00000000d60dd200,0x00000000d6100000)
  to   space 512K, 0% used [0x00000000d6100000,0x00000000d6100000,0x00000000d6180000)
 ParOldGen       total 1315328K, used 1315191K [0x0000000080000000, 0x00000000d0480000, 0x00000000d5580000)
  object space 1315328K, 99% used [0x0000000080000000,0x00000000d045dc58,0x00000000d0480000)
 Metaspace       used 89482K, committed 91264K, reserved 1179648K
  class space    used 8989K, committed 9792K, reserved 1048576K
}
Event: 1287.339 GC heap after
{Heap after GC invocations=2507 (full 5):
 PSYoungGen      total 9728K, used 512K [0x00000000d5580000, 0x00000000d6180000, 0x0000000100000000)
  eden space 9216K, 0% used [0x00000000d5580000,0x00000000d5580000,0x00000000d5e80000)
  from space 512K, 100% used [0x00000000d6100000,0x00000000d6180000,0x00000000d6180000)
  to   space 1536K, 0% used [0x00000000d5e80000,0x00000000d5e80000,0x00000000d6000000)
 ParOldGen       total 1315840K, used 1315836K [0x0000000080000000, 0x00000000d0500000, 0x00000000d5580000)
  object space 1315840K, 99% used [0x0000000080000000,0x00000000d04ff238,0x00000000d0500000)
 Metaspace       used 89482K, committed 91264K, reserved 1179648K
  class space    used 8989K, committed 9792K, reserved 1048576K
}
Event: 1287.366 GC heap before
{Heap before GC invocations=2508 (full 5):
 PSYoungGen      total 9728K, used 9727K [0x00000000d5580000, 0x00000000d6180000, 0x0000000100000000)
  eden space 9216K, 99% used [0x00000000d5580000,0x00000000d5e7ff40,0x00000000d5e80000)
  from space 512K, 100% used [0x00000000d6100000,0x00000000d6180000,0x00000000d6180000)
  to   space 1536K, 0% used [0x00000000d5e80000,0x00000000d5e80000,0x00000000d6000000)
 ParOldGen       total 1315840K, used 1315836K [0x0000000080000000, 0x00000000d0500000, 0x00000000d5580000)
  object space 1315840K, 99% used [0x0000000080000000,0x00000000d04ff238,0x00000000d0500000)
 Metaspace       used 89484K, committed 91264K, reserved 1179648K
  class space    used 8989K, committed 9792K, reserved 1048576K
}
Event: 1287.372 GC heap after
{Heap after GC invocations=2508 (full 5):
 PSYoungGen      total 10752K, used 1522K [0x00000000d5580000, 0x00000000d6180000, 0x0000000100000000)
  eden space 9216K, 0% used [0x00000000d5580000,0x00000000d5580000,0x00000000d5e80000)
  from space 1536K, 99% used [0x00000000d5e80000,0x00000000d5ffcae0,0x00000000d6000000)
  to   space 512K, 0% used [0x00000000d6100000,0x00000000d6100000,0x00000000d6180000)
 ParOldGen       total 1320960K, used 1320812K [0x0000000080000000, 0x00000000d0a00000, 0x00000000d5580000)
  object space 1320960K, 99% used [0x0000000080000000,0x00000000d09db258,0x00000000d0a00000)
 Metaspace       used 89484K, committed 91264K, reserved 1179648K
  class space    used 8989K, committed 9792K, reserved 1048576K
}

