# JRE version: OpenJDK Runtime Environment Temurin-17.0.16+8 (17.0.16+8) (build 17.0.16+8)
# Java VM: OpenJDK 64-Bit Server VM Temurin-17.0.16+8 (17.0.16+8, mixed mode, sharing, tiered, compressed oops, compressed class ptrs, g1 gc, windows-amd64)
GC Precious Log:
 CPUs: 8 total, 8 available
 Memory: 8068M
 Large Page Support: Disabled
 NUMA Support: Disabled
 Compressed Oops: Enabled (32-bit)
 Heap Region Size: 1M
 Heap Min Capacity: 8M
 Heap Initial Capacity: 128M
 Heap Max Capacity: 2018M
 Pre-touch: Disabled
 Parallel Workers: 8
 Concurrent Workers: 2
 Concurrent Refinement Workers: 8
 Periodic GC: Disabled
Heap:
 garbage-first heap   total 122880K, used 46574K [0x0000000081e00000, 0x0000000100000000)
  region size 1024K, 3 young (3072K), 3 survivors (3072K)
 Metaspace       used 28770K, committed 29120K, reserved 1114112K
  class space    used 3296K, committed 3456K, reserved 1048576K
GC Heap History (19 events):
Event: 0.682 GC heap before
{Heap before GC invocations=0 (full 0):
 garbage-first heap   total 131072K, used 23552K [0x0000000081e00000, 0x0000000100000000)
  region size 1024K, 23 young (23552K), 0 survivors (0K)
 Metaspace       used 5422K, committed 5568K, reserved 1114112K
  class space    used 658K, committed 768K, reserved 1048576K
}
Event: 0.687 GC heap after
{Heap after GC invocations=1 (full 0):
 garbage-first heap   total 131072K, used 3677K [0x0000000081e00000, 0x0000000100000000)
  region size 1024K, 3 young (3072K), 3 survivors (3072K)
 Metaspace       used 5422K, committed 5568K, reserved 1114112K
  class space    used 658K, committed 768K, reserved 1048576K
}
Event: 1.298 GC heap before
{Heap before GC invocations=1 (full 0):
 garbage-first heap   total 131072K, used 35421K [0x0000000081e00000, 0x0000000100000000)
  region size 1024K, 34 young (34816K), 3 survivors (3072K)
 Metaspace       used 9829K, committed 9984K, reserved 1114112K
  class space    used 1205K, committed 1280K, reserved 1048576K
}
Event: 1.303 GC heap after
{Heap after GC invocations=2 (full 0):
 garbage-first heap   total 131072K, used 5478K [0x0000000081e00000, 0x0000000100000000)
  region size 1024K, 2 young (2048K), 2 survivors (2048K)
 Metaspace       used 9829K, committed 9984K, reserved 1114112K
  class space    used 1205K, committed 1280K, reserved 1048576K
}
Event: 2.769 GC heap before
{Heap before GC invocations=2 (full 0):
 garbage-first heap   total 131072K, used 81254K [0x0000000081e00000, 0x0000000100000000)
  region size 1024K, 76 young (77824K), 2 survivors (2048K)
 Metaspace       used 15517K, committed 15680K, reserved 1114112K
  class space    used 1855K, committed 1920K, reserved 1048576K
}
Event: 2.783 GC heap after
{Heap after GC invocations=3 (full 0):
 garbage-first heap   total 131072K, used 13039K [0x0000000081e00000, 0x0000000100000000)
  region size 1024K, 10 young (10240K), 10 survivors (10240K)
 Metaspace       used 15517K, committed 15680K, reserved 1114112K
  class space    used 1855K, committed 1920K, reserved 1048576K
}
Event: 4.043 GC heap before
{Heap before GC invocations=3 (full 0):
 garbage-first heap   total 131072K, used 80623K [0x0000000081e00000, 0x0000000100000000)
  region size 1024K, 76 young (77824K), 10 survivors (10240K)
 Metaspace       used 19653K, committed 19968K, reserved 1114112K
  class space    used 2286K, committed 2432K, reserved 1048576K
}
Event: 4.059 GC heap after
{Heap after GC invocations=4 (full 0):
 garbage-first heap   total 131072K, used 17270K [0x0000000081e00000, 0x0000000100000000)
  region size 1024K, 5 young (5120K), 5 survivors (5120K)
 Metaspace       used 19653K, committed 19968K, reserved 1114112K
  class space    used 2286K, committed 2432K, reserved 1048576K
}
Event: 4.326 GC heap before
{Heap before GC invocations=4 (full 0):
 garbage-first heap   total 131072K, used 35702K [0x0000000081e00000, 0x0000000100000000)
  region size 1024K, 19 young (19456K), 5 survivors (5120K)
 Metaspace       used 21221K, committed 21504K, reserved 1114112K
  class space    used 2506K, committed 2624K, reserved 1048576K
}
Event: 4.335 GC heap after
{Heap after GC invocations=5 (full 0):
 garbage-first heap   total 131072K, used 24112K [0x0000000081e00000, 0x0000000100000000)
  region size 1024K, 8 young (8192K), 8 survivors (8192K)
 Metaspace       used 21221K, committed 21504K, reserved 1114112K
  class space    used 2506K, committed 2624K, reserved 1048576K
}
Event: 5.122 GC heap before
{Heap before GC invocations=6 (full 0):
 garbage-first heap   total 86016K, used 69168K [0x0000000081e00000, 0x0000000100000000)
  region size 1024K, 50 young (51200K), 8 survivors (8192K)
 Metaspace       used 25878K, committed 26176K, reserved 1114112K
  class space    used 3010K, committed 3136K, reserved 1048576K
}
Event: 5.154 GC heap after
{Heap after GC invocations=7 (full 0):
 garbage-first heap   total 91136K, used 37728K [0x0000000081e00000, 0x0000000100000000)
  region size 1024K, 7 young (7168K), 7 survivors (7168K)
 Metaspace       used 25878K, committed 26176K, reserved 1114112K
  class space    used 3010K, committed 3136K, reserved 1048576K
}
Event: 5.188 GC heap before
{Heap before GC invocations=7 (full 0):
 garbage-first heap   total 91136K, used 38752K [0x0000000081e00000, 0x0000000100000000)
  region size 1024K, 8 young (8192K), 7 survivors (7168K)
 Metaspace       used 26015K, committed 26304K, reserved 1114112K
  class space    used 3027K, committed 3136K, reserved 1048576K
}
Event: 5.201 GC heap after
{Heap after GC invocations=8 (full 0):
 garbage-first heap   total 91136K, used 38912K [0x0000000081e00000, 0x0000000100000000)
  region size 1024K, 1 young (1024K), 1 survivors (1024K)
 Metaspace       used 26015K, committed 26304K, reserved 1114112K
  class space    used 3027K, committed 3136K, reserved 1048576K
}
Event: 5.503 GC heap before
{Heap before GC invocations=8 (full 0):
 garbage-first heap   total 91136K, used 66560K [0x0000000081e00000, 0x0000000100000000)
  region size 1024K, 28 young (28672K), 1 survivors (1024K)
 Metaspace       used 26523K, committed 26880K, reserved 1114112K
  class space    used 3058K, committed 3200K, reserved 1048576K
}
Event: 5.513 GC heap after
{Heap after GC invocations=9 (full 0):
 garbage-first heap   total 91136K, used 44032K [0x0000000081e00000, 0x0000000100000000)
  region size 1024K, 4 young (4096K), 4 survivors (4096K)
 Metaspace       used 26523K, committed 26880K, reserved 1114112K
  class space    used 3058K, committed 3200K, reserved 1048576K
}
Event: 6.042 GC heap before
{Heap before GC invocations=10 (full 0):
 garbage-first heap   total 91136K, used 67584K [0x0000000081e00000, 0x0000000100000000)
  region size 1024K, 28 young (28672K), 4 survivors (4096K)
 Metaspace       used 27801K, committed 28096K, reserved 1114112K
  class space    used 3196K, committed 3328K, reserved 1048576K
}
Event: 6.055 GC heap after
{Heap after GC invocations=11 (full 0):
 garbage-first heap   total 91136K, used 46366K [0x0000000081e00000, 0x0000000100000000)
  region size 1024K, 2 young (2048K), 2 survivors (2048K)
 Metaspace       used 27801K, committed 28096K, reserved 1114112K
  class space    used 3196K, committed 3328K, reserved 1048576K
}
Event: 6.370 GC heap before
{Heap before GC invocations=11 (full 0):
 garbage-first heap   total 91136K, used 68894K [0x0000000081e00000, 0x0000000100000000)
  region size 1024K, 25 young (25600K), 2 survivors (2048K)
 Metaspace       used 28770K, committed 29120K, reserved 1114112K
  class space    used 3296K, committed 3456K, reserved 1048576K
}

